Using pre-set license
Built from '2020.2/release' branch; Version is '2020.2.2f1 (068178b99f32) revision 426360'; Using compiler version '192528614'; Build Type 'Release'
OS: 'Windows 10 Enterprise; OS build 18363.1440; Version 1909; 64bit' Language: 'en' Physical Memory: 16304 MB
BatchMode: 1, IsHumanControllingUs: 0, StartBugReporterOnCrash: 0, Is64bit: 1, IsPro: 0

 COMMAND LINE ARGUMENTS:
C:\Program Files\Unity\Hub\Editor\2020.2.2f1\Editor\Unity.exe
-adb2
-batchMode
-noUpm
-name
AssetImportWorker0
-projectPath
C:/Users/guy.twemlow/Documents/GitHub/Flappy BirdPrototype
-logFile
Logs/AssetImportWorker0.log
-srvPort
54703
Successfully changed project path to: C:/Users/guy.twemlow/Documents/GitHub/Flappy BirdPrototype
C:/Users/guy.twemlow/Documents/GitHub/Flappy BirdPrototype
Using Asset Import Pipeline V2.
Refreshing native plugins compatible for Editor in 39.05 ms, found 1 plugins.
Preloading 0 native plugins for Editor in 0.00 ms.
Initialize engine version: 2020.2.2f1 (068178b99f32)
[Subsystems] Discovering subsystems at path C:/Program Files/Unity/Hub/Editor/2020.2.2f1/Editor/Data/Resources/UnitySubsystems
[Subsystems] Discovering subsystems at path C:/Users/guy.twemlow/Documents/GitHub/Flappy BirdPrototype/Assets
GfxDevice: creating device client; threaded=0
Direct3D:
    Version:  Direct3D 11.0 [level 11.0]
    Renderer: NVIDIA Quadro K2200  (ID=0x13ba)
    Vendor:   
    VRAM:     4035 MB
    Driver:   10.18.13.5362
Initialize mono
Mono path[0] = 'C:/Program Files/Unity/Hub/Editor/2020.2.2f1/Editor/Data/Managed'
Mono path[1] = 'C:/Program Files/Unity/Hub/Editor/2020.2.2f1/Editor/Data/MonoBleedingEdge/lib/mono/unityjit'
Mono config path = 'C:/Program Files/Unity/Hub/Editor/2020.2.2f1/Editor/Data/MonoBleedingEdge/etc'
Using monoOptions --debugger-agent=transport=dt_socket,embedding=1,server=y,suspend=n,address=127.0.0.1:56392
Begin MonoManager ReloadAssembly
Registering precompiled unity dll's ...
Register platform support module: C:/Program Files/Unity/Hub/Editor/2020.2.2f1/Editor/Data/PlaybackEngines/WindowsStandaloneSupport/UnityEditor.WindowsStandalone.Extensions.dll
Registered in 0.001183 seconds.
Native extension for WindowsStandalone target not found
Refreshing native plugins compatible for Editor in 31.33 ms, found 1 plugins.
Preloading 0 native plugins for Editor in 0.00 ms.
Invoked RoslynAnalysisRunner static constructor.
RoslynAnalysisRunner will not be running.
RoslynAnalysisRunner has terminated.
Mono: successfully reloaded assembly
- Completed reload, in  1.798 seconds
Platform modules already initialized, skipping
Registering precompiled user dll's ...
Registered in 0.000853 seconds.
Begin MonoManager ReloadAssembly
Native extension for WindowsStandalone target not found
Refreshing native plugins compatible for Editor in 33.63 ms, found 1 plugins.
Preloading 0 native plugins for Editor in 0.00 ms.
Invoked RoslynAnalysisRunner static constructor.
RoslynAnalysisRunner will not be running.
RoslynAnalysisRunner has terminated.
Mono: successfully reloaded assembly
- Completed reload, in  0.941 seconds
Platform modules already initialized, skipping
========================================================================
Worker process is ready to serve import requests
Launched and connected shader compiler UnityShaderCompiler.exe after 0.04 seconds
Refreshing native plugins compatible for Editor in 0.33 ms, found 1 plugins.
Preloading 0 native plugins for Editor in 0.00 ms.
Unloading 1799 Unused Serialized files (Serialized files now loaded: 0)
System memory in use before: 84.5 MB.
System memory in use after: 84.5 MB.

Unloading 24 unused Assets to reduce memory usage. Loaded Objects now: 2242.
Total: 1.895200 ms (FindLiveObjects: 0.164500 ms CreateObjectMapping: 0.065500 ms MarkObjects: 1.547300 ms  DeleteObjects: 0.117100 ms)

========================================================================
Received Import Request.
  path: Assets/Scenes/SampleScene.unity
  artifactKey: Guid(2cda990e2423bbf4892e6590ba056729) Importer(815301076,1909f56bfc062723c751e8b465ee728b)
Start importing Assets/Scenes/SampleScene.unity using Guid(2cda990e2423bbf4892e6590ba056729) Importer(815301076,1909f56bfc062723c751e8b465ee728b)  -> (artifact id: '96b4b90f4e6fa165d8ac7b49b000d6dd') in 0.015976 seconds
  Import took 0.018699 seconds .

========================================================================
Received Import Request.
  Time since last request: 8.817504 seconds.
  path: Assets/Scenes/Level_01.unity
  artifactKey: Guid(2cda990e2423bbf4892e6590ba056729) Importer(815301076,1909f56bfc062723c751e8b465ee728b)
Start importing Assets/Scenes/Level_01.unity using Guid(2cda990e2423bbf4892e6590ba056729) Importer(815301076,1909f56bfc062723c751e8b465ee728b)  -> (artifact id: '74f726db30f6d4a989e08f3b9b8db4b4') in 0.011252 seconds
  Import took 0.014947 seconds .

========================================================================
Received Import Request.
  Time since last request: 23.901208 seconds.
  path: Assets/Scenes/Level_02.unity
  artifactKey: Guid(ea9a0511446714548adef138136406fd) Importer(815301076,1909f56bfc062723c751e8b465ee728b)
Start importing Assets/Scenes/Level_02.unity using Guid(ea9a0511446714548adef138136406fd) Importer(815301076,1909f56bfc062723c751e8b465ee728b)  -> (artifact id: '73a5a30a543f2971bd9c7bc734aa6535') in 0.016219 seconds
  Import took 0.019901 seconds .

========================================================================
Received Import Request.
  Time since last request: 7.597082 seconds.
  path: Assets/Scenes/MainMenu.unity
  artifactKey: Guid(dfeb40cc0c7d0a74ea8d6bd809b4876a) Importer(815301076,1909f56bfc062723c751e8b465ee728b)
Start importing Assets/Scenes/MainMenu.unity using Guid(dfeb40cc0c7d0a74ea8d6bd809b4876a) Importer(815301076,1909f56bfc062723c751e8b465ee728b)  -> (artifact id: '722ba4fa46cc20152f7a685a9d4a069e') in 0.013987 seconds
  Import took 0.018030 seconds .

========================================================================
Received Import Request.
  Time since last request: 481.907295 seconds.
  path: Assets/Scripts/GameManager.cs
  artifactKey: Guid(a26e26b9dcf1afc429d0c6d0a611dfed) Importer(815301076,1909f56bfc062723c751e8b465ee728b)
Start importing Assets/Scripts/GameManager.cs using Guid(a26e26b9dcf1afc429d0c6d0a611dfed) Importer(815301076,1909f56bfc062723c751e8b465ee728b)  -> (artifact id: 'fc8ace748fc9e0aa64814b6bb029488d') in 0.090720 seconds
  Import took 0.094384 seconds .

========================================================================
Received Import Request.
  Time since last request: 35.052249 seconds.
  path: Assets/Scripts/GameManager.cs
  artifactKey: Guid(a26e26b9dcf1afc429d0c6d0a611dfed) Importer(815301076,1909f56bfc062723c751e8b465ee728b)
Start importing Assets/Scripts/GameManager.cs using Guid(a26e26b9dcf1afc429d0c6d0a611dfed) Importer(815301076,1909f56bfc062723c751e8b465ee728b)  -> (artifact id: '17010d8f616020951eca6d65d4678564') in 0.010369 seconds
  Import took 0.013690 seconds .

========================================================================
Received Import Request.
  Time since last request: 32.787928 seconds.
  path: Assets/Scripts/GameManager.cs
  artifactKey: Guid(a26e26b9dcf1afc429d0c6d0a611dfed) Importer(815301076,1909f56bfc062723c751e8b465ee728b)
Start importing Assets/Scripts/GameManager.cs using Guid(a26e26b9dcf1afc429d0c6d0a611dfed) Importer(815301076,1909f56bfc062723c751e8b465ee728b)  -> (artifact id: '6076c597b8746e2beb888243234edacf') in 0.008805 seconds
  Import took 0.012599 seconds .

========================================================================
Received Import Request.
  Time since last request: 23.716668 seconds.
  path: Assets/Scripts/GameManager.cs
  artifactKey: Guid(a26e26b9dcf1afc429d0c6d0a611dfed) Importer(815301076,1909f56bfc062723c751e8b465ee728b)
Start importing Assets/Scripts/GameManager.cs using Guid(a26e26b9dcf1afc429d0c6d0a611dfed) Importer(815301076,1909f56bfc062723c751e8b465ee728b)  -> (artifact id: '41b94670ec12397531a7d2ca4e6d74c0') in 0.006609 seconds
  Import took 0.009701 seconds .

========================================================================
Received Prepare
Registering precompiled user dll's ...
Registered in 0.000813 seconds.
Begin MonoManager ReloadAssembly
Native extension for WindowsStandalone target not found
Refreshing native plugins compatible for Editor in 0.33 ms, found 1 plugins.
Preloading 0 native plugins for Editor in 0.00 ms.
Invoked RoslynAnalysisRunner static constructor.
RoslynAnalysisRunner will not be running.
RoslynAnalysisRunner has terminated.
Mono: successfully reloaded assembly
- Completed reload, in  0.858 seconds
Platform modules already initialized, skipping
Refreshing native plugins compatible for Editor in 0.38 ms, found 1 plugins.
Preloading 0 native plugins for Editor in 0.00 ms.
Unloading 1808 Unused Serialized files (Serialized files now loaded: 0)
System memory in use before: 86.3 MB.
System memory in use after: 85.7 MB.

Unloading 25 unused Assets to reduce memory usage. Loaded Objects now: 2246.
Total: 2.165600 ms (FindLiveObjects: 0.230000 ms CreateObjectMapping: 0.063500 ms MarkObjects: 1.537200 ms  DeleteObjects: 0.333800 ms)

========================================================================
Received Prepare
Registering precompiled user dll's ...
Registered in 0.000820 seconds.
Begin MonoManager ReloadAssembly
Native extension for WindowsStandalone target not found
Refreshing native plugins compatible for Editor in 0.33 ms, found 1 plugins.
Preloading 0 native plugins for Editor in 0.00 ms.
Invoked RoslynAnalysisRunner static constructor.
RoslynAnalysisRunner will not be running.
RoslynAnalysisRunner has terminated.
Mono: successfully reloaded assembly
- Completed reload, in  0.873 seconds
Platform modules already initialized, skipping
Refreshing native plugins compatible for Editor in 0.33 ms, found 1 plugins.
Preloading 0 native plugins for Editor in 0.00 ms.
Unloading 1808 Unused Serialized files (Serialized files now loaded: 0)
System memory in use before: 86.4 MB.
System memory in use after: 85.8 MB.

Unloading 25 unused Assets to reduce memory usage. Loaded Objects now: 2249.
Total: 2.160300 ms (FindLiveObjects: 0.203700 ms CreateObjectMapping: 0.063100 ms MarkObjects: 1.540500 ms  DeleteObjects: 0.352000 ms)

========================================================================
Received Prepare
Registering precompiled user dll's ...
Registered in 0.000821 seconds.
Begin MonoManager ReloadAssembly
Native extension for WindowsStandalone target not found
Refreshing native plugins compatible for Editor in 0.50 ms, found 1 plugins.
Preloading 0 native plugins for Editor in 0.00 ms.
Invoked RoslynAnalysisRunner static constructor.
RoslynAnalysisRunner will not be running.
RoslynAnalysisRunner has terminated.
Mono: successfully reloaded assembly
- Completed reload, in  0.819 seconds
Platform modules already initialized, skipping
Refreshing native plugins compatible for Editor in 0.41 ms, found 1 plugins.
Preloading 0 native plugins for Editor in 0.00 ms.
Unloading 1808 Unused Serialized files (Serialized files now loaded: 0)
System memory in use before: 86.5 MB.
System memory in use after: 85.9 MB.

Unloading 25 unused Assets to reduce memory usage. Loaded Objects now: 2252.
Total: 2.271700 ms (FindLiveObjects: 0.220600 ms CreateObjectMapping: 0.070500 ms MarkObjects: 1.593400 ms  DeleteObjects: 0.386200 ms)

========================================================================
Received Prepare
Registering precompiled user dll's ...
Registered in 0.000779 seconds.
Begin MonoManager ReloadAssembly
Native extension for WindowsStandalone target not found
Refreshing native plugins compatible for Editor in 0.33 ms, found 1 plugins.
Preloading 0 native plugins for Editor in 0.00 ms.
Invoked RoslynAnalysisRunner static constructor.
RoslynAnalysisRunner will not be running.
RoslynAnalysisRunner has terminated.
Mono: successfully reloaded assembly
- Completed reload, in  0.837 seconds
Platform modules already initialized, skipping
Refreshing native plugins compatible for Editor in 0.36 ms, found 1 plugins.
Preloading 0 native plugins for Editor in 0.00 ms.
Unloading 1808 Unused Serialized files (Serialized files now loaded: 0)
System memory in use before: 86.6 MB.
System memory in use after: 86.0 MB.

Unloading 25 unused Assets to reduce memory usage. Loaded Objects now: 2255.
Total: 2.199900 ms (FindLiveObjects: 0.220700 ms CreateObjectMapping: 0.067000 ms MarkObjects: 1.532500 ms  DeleteObjects: 0.378400 ms)

========================================================================
Received Prepare
Registering precompiled user dll's ...
Registered in 0.000781 seconds.
Begin MonoManager ReloadAssembly
Native extension for WindowsStandalone target not found
Refreshing native plugins compatible for Editor in 0.32 ms, found 1 plugins.
Preloading 0 native plugins for Editor in 0.00 ms.
Invoked RoslynAnalysisRunner static constructor.
RoslynAnalysisRunner will not be running.
RoslynAnalysisRunner has terminated.
Mono: successfully reloaded assembly
- Completed reload, in  0.839 seconds
Platform modules already initialized, skipping
Refreshing native plugins compatible for Editor in 0.36 ms, found 1 plugins.
Preloading 0 native plugins for Editor in 0.00 ms.
Unloading 1808 Unused Serialized files (Serialized files now loaded: 0)
System memory in use before: 86.7 MB.
System memory in use after: 86.1 MB.

Unloading 25 unused Assets to reduce memory usage. Loaded Objects now: 2258.
Total: 2.205200 ms (FindLiveObjects: 0.172000 ms CreateObjectMapping: 0.066000 ms MarkObjects: 1.608800 ms  DeleteObjects: 0.357500 ms)

========================================================================
Received Prepare
Registering precompiled user dll's ...
Registered in 0.000797 seconds.
Begin MonoManager ReloadAssembly
Native extension for WindowsStandalone target not found
Refreshing native plugins compatible for Editor in 0.46 ms, found 1 plugins.
Preloading 0 native plugins for Editor in 0.00 ms.
Invoked RoslynAnalysisRunner static constructor.
RoslynAnalysisRunner will not be running.
RoslynAnalysisRunner has terminated.
Mono: successfully reloaded assembly
- Completed reload, in  0.840 seconds
Platform modules already initialized, skipping
Refreshing native plugins compatible for Editor in 0.37 ms, found 1 plugins.
Preloading 0 native plugins for Editor in 0.00 ms.
Unloading 1808 Unused Serialized files (Serialized files now loaded: 0)
System memory in use before: 86.8 MB.
System memory in use after: 86.2 MB.

Unloading 25 unused Assets to reduce memory usage. Loaded Objects now: 2261.
Total: 2.320300 ms (FindLiveObjects: 0.164700 ms CreateObjectMapping: 0.059200 ms MarkObjects: 1.716500 ms  DeleteObjects: 0.378900 ms)

========================================================================
Received Prepare
Registering precompiled user dll's ...
Registered in 0.000939 seconds.
Begin MonoManager ReloadAssembly
Native extension for WindowsStandalone target not found
Refreshing native plugins compatible for Editor in 0.47 ms, found 1 plugins.
Preloading 0 native plugins for Editor in 0.00 ms.
Invoked RoslynAnalysisRunner static constructor.
RoslynAnalysisRunner will not be running.
RoslynAnalysisRunner has terminated.
Mono: successfully reloaded assembly
- Completed reload, in  0.881 seconds
Platform modules already initialized, skipping
Refreshing native plugins compatible for Editor in 0.38 ms, found 1 plugins.
Preloading 0 native plugins for Editor in 0.00 ms.
Unloading 1808 Unused Serialized files (Serialized files now loaded: 0)
System memory in use before: 86.9 MB.
System memory in use after: 86.3 MB.

Unloading 25 unused Assets to reduce memory usage. Loaded Objects now: 2264.
Total: 2.029200 ms (FindLiveObjects: 0.168300 ms CreateObjectMapping: 0.062300 ms MarkObjects: 1.423900 ms  DeleteObjects: 0.373800 ms)

========================================================================
Received Prepare
Registering precompiled user dll's ...
Registered in 0.000798 seconds.
Begin MonoManager ReloadAssembly
Native extension for WindowsStandalone target not found
Refreshing native plugins compatible for Editor in 0.36 ms, found 1 plugins.
Preloading 0 native plugins for Editor in 0.00 ms.
Invoked RoslynAnalysisRunner static constructor.
RoslynAnalysisRunner will not be running.
RoslynAnalysisRunner has terminated.
Mono: successfully reloaded assembly
- Completed reload, in  0.860 seconds
Platform modules already initialized, skipping
Refreshing native plugins compatible for Editor in 0.34 ms, found 1 plugins.
Preloading 0 native plugins for Editor in 0.00 ms.
Unloading 1808 Unused Serialized files (Serialized files now loaded: 0)
System memory in use before: 87.0 MB.
System memory in use after: 86.4 MB.

Unloading 25 unused Assets to reduce memory usage. Loaded Objects now: 2267.
Total: 2.165800 ms (FindLiveObjects: 0.260000 ms CreateObjectMapping: 0.057200 ms MarkObjects: 1.431400 ms  DeleteObjects: 0.416300 ms)

========================================================================
Received Import Request.
  Time since last request: 1077.894394 seconds.
  path: Assets/Scenes/MainMenu.unity
  artifactKey: Guid(dfeb40cc0c7d0a74ea8d6bd809b4876a) Importer(815301076,1909f56bfc062723c751e8b465ee728b)
Start importing Assets/Scenes/MainMenu.unity using Guid(dfeb40cc0c7d0a74ea8d6bd809b4876a) Importer(815301076,1909f56bfc062723c751e8b465ee728b)  -> (artifact id: 'e68c88948ed7c1536ad5ec89d1bb9fa3') in 0.022553 seconds
  Import took 0.025985 seconds .

========================================================================
Received Prepare
Registering precompiled user dll's ...
Registered in 0.000780 seconds.
Begin MonoManager ReloadAssembly
Native extension for WindowsStandalone target not found
Refreshing native plugins compatible for Editor in 0.32 ms, found 1 plugins.
Preloading 0 native plugins for Editor in 0.00 ms.
Invoked RoslynAnalysisRunner static constructor.
RoslynAnalysisRunner will not be running.
RoslynAnalysisRunner has terminated.
Mono: successfully reloaded assembly
- Completed reload, in  0.852 seconds
Platform modules already initialized, skipping
Refreshing native plugins compatible for Editor in 0.33 ms, found 1 plugins.
Preloading 0 native plugins for Editor in 0.00 ms.
Unloading 1808 Unused Serialized files (Serialized files now loaded: 0)
System memory in use before: 87.0 MB.
System memory in use after: 86.5 MB.

Unloading 25 unused Assets to reduce memory usage. Loaded Objects now: 2270.
Total: 2.808800 ms (FindLiveObjects: 0.180700 ms CreateObjectMapping: 0.072000 ms MarkObjects: 1.741000 ms  DeleteObjects: 0.814000 ms)

========================================================================
Received Prepare
Registering precompiled user dll's ...
Registered in 0.000941 seconds.
Begin MonoManager ReloadAssembly
Native extension for WindowsStandalone target not found
Refreshing native plugins compatible for Editor in 0.41 ms, found 1 plugins.
Preloading 0 native plugins for Editor in 0.00 ms.
Invoked RoslynAnalysisRunner static constructor.
RoslynAnalysisRunner will not be running.
RoslynAnalysisRunner has terminated.
Mono: successfully reloaded assembly
- Completed reload, in  0.941 seconds
Platform modules already initialized, skipping
Refreshing native plugins compatible for Editor in 0.34 ms, found 1 plugins.
Preloading 0 native plugins for Editor in 0.00 ms.
Unloading 1808 Unused Serialized files (Serialized files now loaded: 0)
System memory in use before: 87.1 MB.
System memory in use after: 86.5 MB.

Unloading 25 unused Assets to reduce memory usage. Loaded Objects now: 2273.
Total: 2.433700 ms (FindLiveObjects: 0.209200 ms CreateObjectMapping: 0.144900 ms MarkObjects: 1.608700 ms  DeleteObjects: 0.469900 ms)

========================================================================
Received Prepare
Registering precompiled user dll's ...
Registered in 0.000840 seconds.
Begin MonoManager ReloadAssembly
Native extension for WindowsStandalone target not found
Refreshing native plugins compatible for Editor in 0.32 ms, found 1 plugins.
Preloading 0 native plugins for Editor in 0.00 ms.
Invoked RoslynAnalysisRunner static constructor.
RoslynAnalysisRunner will not be running.
RoslynAnalysisRunner has terminated.
Mono: successfully reloaded assembly
- Completed reload, in  0.873 seconds
Platform modules already initialized, skipping
Refreshing native plugins compatible for Editor in 0.33 ms, found 1 plugins.
Preloading 0 native plugins for Editor in 0.00 ms.
Unloading 1808 Unused Serialized files (Serialized files now loaded: 0)
System memory in use before: 87.2 MB.
System memory in use after: 86.6 MB.

Unloading 25 unused Assets to reduce memory usage. Loaded Objects now: 2276.
Total: 2.187600 ms (FindLiveObjects: 0.189200 ms CreateObjectMapping: 0.089700 ms MarkObjects: 1.514200 ms  DeleteObjects: 0.393400 ms)

========================================================================
Received Prepare
Registering precompiled user dll's ...
Registered in 0.000821 seconds.
Begin MonoManager ReloadAssembly
Native extension for WindowsStandalone target not found
Refreshing native plugins compatible for Editor in 0.35 ms, found 1 plugins.
Preloading 0 native plugins for Editor in 0.00 ms.
Invoked RoslynAnalysisRunner static constructor.
RoslynAnalysisRunner will not be running.
RoslynAnalysisRunner has terminated.
Mono: successfully reloaded assembly
- Completed reload, in  0.825 seconds
Platform modules already initialized, skipping
Refreshing native plugins compatible for Editor in 0.59 ms, found 1 plugins.
Preloading 0 native plugins for Editor in 0.00 ms.
Unloading 1808 Unused Serialized files (Serialized files now loaded: 0)
System memory in use before: 87.3 MB.
System memory in use after: 86.7 MB.

Unloading 25 unused Assets to reduce memory usage. Loaded Objects now: 2279.
Total: 2.269100 ms (FindLiveObjects: 0.201800 ms CreateObjectMapping: 0.097100 ms MarkObjects: 1.554700 ms  DeleteObjects: 0.414500 ms)

========================================================================
Received Prepare
Registering precompiled user dll's ...
Registered in 0.000954 seconds.
Begin MonoManager ReloadAssembly
Native extension for WindowsStandalone target not found
Refreshing native plugins compatible for Editor in 0.34 ms, found 1 plugins.
Preloading 0 native plugins for Editor in 0.00 ms.
Invoked RoslynAnalysisRunner static constructor.
RoslynAnalysisRunner will not be running.
RoslynAnalysisRunner has terminated.
Mono: successfully reloaded assembly
- Completed reload, in  0.912 seconds
Platform modules already initialized, skipping
Refreshing native plugins compatible for Editor in 0.36 ms, found 1 plugins.
Preloading 0 native plugins for Editor in 0.00 ms.
Unloading 1808 Unused Serialized files (Serialized files now loaded: 0)
System memory in use before: 87.4 MB.
System memory in use after: 86.8 MB.

Unloading 25 unused Assets to reduce memory usage. Loaded Objects now: 2282.
Total: 2.261200 ms (FindLiveObjects: 0.250800 ms CreateObjectMapping: 0.099000 ms MarkObjects: 1.535600 ms  DeleteObjects: 0.375000 ms)

========================================================================
Received Prepare
Registering precompiled user dll's ...
Registered in 0.000807 seconds.
Begin MonoManager ReloadAssembly
Native extension for WindowsStandalone target not found
Refreshing native plugins compatible for Editor in 0.32 ms, found 1 plugins.
Preloading 0 native plugins for Editor in 0.00 ms.
Invoked RoslynAnalysisRunner static constructor.
RoslynAnalysisRunner will not be running.
RoslynAnalysisRunner has terminated.
Mono: successfully reloaded assembly
- Completed reload, in  0.840 seconds
Platform modules already initialized, skipping
Refreshing native plugins compatible for Editor in 0.41 ms, found 1 plugins.
Preloading 0 native plugins for Editor in 0.00 ms.
Unloading 1808 Unused Serialized files (Serialized files now loaded: 0)
System memory in use before: 87.5 MB.
System memory in use after: 86.9 MB.

Unloading 25 unused Assets to reduce memory usage. Loaded Objects now: 2285.
Total: 2.237300 ms (FindLiveObjects: 0.204400 ms CreateObjectMapping: 0.077000 ms MarkObjects: 1.595000 ms  DeleteObjects: 0.359400 ms)

========================================================================
Received Prepare
Registering precompiled user dll's ...
Registered in 0.000890 seconds.
Begin MonoManager ReloadAssembly
Native extension for WindowsStandalone target not found
Refreshing native plugins compatible for Editor in 0.37 ms, found 1 plugins.
Preloading 0 native plugins for Editor in 0.00 ms.
Invoked RoslynAnalysisRunner static constructor.
RoslynAnalysisRunner will not be running.
RoslynAnalysisRunner has terminated.
Mono: successfully reloaded assembly
- Completed reload, in  0.950 seconds
Platform modules already initialized, skipping
Refreshing native plugins compatible for Editor in 0.33 ms, found 1 plugins.
Preloading 0 native plugins for Editor in 0.00 ms.
Unloading 1808 Unused Serialized files (Serialized files now loaded: 0)
System memory in use before: 87.6 MB.
System memory in use after: 87.0 MB.

Unloading 25 unused Assets to reduce memory usage. Loaded Objects now: 2288.
Total: 2.209700 ms (FindLiveObjects: 0.178600 ms CreateObjectMapping: 0.067200 ms MarkObjects: 1.588900 ms  DeleteObjects: 0.374000 ms)

========================================================================
Received Prepare
Registering precompiled user dll's ...
Registered in 0.000858 seconds.
Begin MonoManager ReloadAssembly
Native extension for WindowsStandalone target not found
Refreshing native plugins compatible for Editor in 0.32 ms, found 1 plugins.
Preloading 0 native plugins for Editor in 0.00 ms.
Invoked RoslynAnalysisRunner static constructor.
RoslynAnalysisRunner will not be running.
RoslynAnalysisRunner has terminated.
Mono: successfully reloaded assembly
- Completed reload, in  0.905 seconds
Platform modules already initialized, skipping
Refreshing native plugins compatible for Editor in 0.37 ms, found 1 plugins.
Preloading 0 native plugins for Editor in 0.00 ms.
Unloading 1808 Unused Serialized files (Serialized files now loaded: 0)
System memory in use before: 87.6 MB.
System memory in use after: 87.1 MB.

Unloading 25 unused Assets to reduce memory usage. Loaded Objects now: 2291.
Total: 2.426800 ms (FindLiveObjects: 0.196900 ms CreateObjectMapping: 0.095500 ms MarkObjects: 1.737600 ms  DeleteObjects: 0.395700 ms)

========================================================================
Received Prepare
Registering precompiled user dll's ...
Registered in 0.000834 seconds.
Begin MonoManager ReloadAssembly
Native extension for WindowsStandalone target not found
Refreshing native plugins compatible for Editor in 0.33 ms, found 1 plugins.
Preloading 0 native plugins for Editor in 0.00 ms.
Invoked RoslynAnalysisRunner static constructor.
RoslynAnalysisRunner will not be running.
RoslynAnalysisRunner has terminated.
Mono: successfully reloaded assembly
- Completed reload, in  0.962 seconds
Platform modules already initialized, skipping
Refreshing native plugins compatible for Editor in 0.33 ms, found 1 plugins.
Preloading 0 native plugins for Editor in 0.00 ms.
Unloading 1808 Unused Serialized files (Serialized files now loaded: 0)
System memory in use before: 87.7 MB.
System memory in use after: 87.1 MB.

Unloading 25 unused Assets to reduce memory usage. Loaded Objects now: 2294.
Total: 3.055300 ms (FindLiveObjects: 0.326100 ms CreateObjectMapping: 0.113800 ms MarkObjects: 2.060400 ms  DeleteObjects: 0.553600 ms)

========================================================================
Received Prepare
Registering precompiled user dll's ...
Registered in 0.000874 seconds.
Begin MonoManager ReloadAssembly
Native extension for WindowsStandalone target not found
Refreshing native plugins compatible for Editor in 0.32 ms, found 1 plugins.
Preloading 0 native plugins for Editor in 0.00 ms.
Invoked RoslynAnalysisRunner static constructor.
RoslynAnalysisRunner will not be running.
RoslynAnalysisRunner has terminated.
Mono: successfully reloaded assembly
- Completed reload, in  0.857 seconds
Platform modules already initialized, skipping
Refreshing native plugins compatible for Editor in 0.34 ms, found 1 plugins.
Preloading 0 native plugins for Editor in 0.00 ms.
Unloading 1808 Unused Serialized files (Serialized files now loaded: 0)
System memory in use before: 87.8 MB.
System memory in use after: 87.2 MB.

Unloading 25 unused Assets to reduce memory usage. Loaded Objects now: 2297.
Total: 2.022600 ms (FindLiveObjects: 0.147300 ms CreateObjectMapping: 0.049400 ms MarkObjects: 1.377800 ms  DeleteObjects: 0.447200 ms)

========================================================================
Received Prepare
Registering precompiled user dll's ...
Registered in 0.001353 seconds.
Begin MonoManager ReloadAssembly
Native extension for WindowsStandalone target not found
Refreshing native plugins compatible for Editor in 0.32 ms, found 1 plugins.
Preloading 0 native plugins for Editor in 0.00 ms.
Invoked RoslynAnalysisRunner static constructor.
RoslynAnalysisRunner will not be running.
RoslynAnalysisRunner has terminated.
Mono: successfully reloaded assembly
- Completed reload, in  0.950 seconds
Platform modules already initialized, skipping
Refreshing native plugins compatible for Editor in 0.38 ms, found 1 plugins.
Preloading 0 native plugins for Editor in 0.00 ms.
Unloading 1808 Unused Serialized files (Serialized files now loaded: 0)
System memory in use before: 87.9 MB.
System memory in use after: 87.3 MB.

Unloading 25 unused Assets to reduce memory usage. Loaded Objects now: 2300.
Total: 2.017900 ms (FindLiveObjects: 0.174700 ms CreateObjectMapping: 0.063000 ms MarkObjects: 1.425700 ms  DeleteObjects: 0.353700 ms)

========================================================================
Received Prepare
Registering precompiled user dll's ...
Registered in 0.000797 seconds.
Begin MonoManager ReloadAssembly
Native extension for WindowsStandalone target not found
Refreshing native plugins compatible for Editor in 0.37 ms, found 1 plugins.
Preloading 0 native plugins for Editor in 0.00 ms.
Invoked RoslynAnalysisRunner static constructor.
RoslynAnalysisRunner will not be running.
RoslynAnalysisRunner has terminated.
Mono: successfully reloaded assembly
- Completed reload, in  0.840 seconds
Platform modules already initialized, skipping
Refreshing native plugins compatible for Editor in 0.43 ms, found 1 plugins.
Preloading 0 native plugins for Editor in 0.00 ms.
Unloading 1808 Unused Serialized files (Serialized files now loaded: 0)
System memory in use before: 88.0 MB.
System memory in use after: 87.4 MB.

Unloading 25 unused Assets to reduce memory usage. Loaded Objects now: 2303.
Total: 2.367800 ms (FindLiveObjects: 0.198100 ms CreateObjectMapping: 0.079100 ms MarkObjects: 1.700900 ms  DeleteObjects: 0.388400 ms)

========================================================================
Received Import Request.
  Time since last request: 2069.340846 seconds.
  path: Assets/Sprites/water.png
  artifactKey: Guid(287a863984d997041b50728b2141e54f) Importer(815301076,1909f56bfc062723c751e8b465ee728b)
Start importing Assets/Sprites/water.png using Guid(287a863984d997041b50728b2141e54f) Importer(815301076,1909f56bfc062723c751e8b465ee728b)  -> (artifact id: '3c36a7bf529881a86774376c9f1f2783') in 0.122087 seconds
  Import took 0.125796 seconds .

========================================================================
Received Import Request.
  Time since last request: 5.515163 seconds.
  path: Packages/com.unity.2d.animation/Editor/Assets/SkinningModule/Icons/Selected/Sprite_Mode@3x.png
  artifactKey: Guid(ea833d779996e3244b3b567764be9cf0) Importer(815301076,1909f56bfc062723c751e8b465ee728b)
Start importing Packages/com.unity.2d.animation/Editor/Assets/SkinningModule/Icons/Selected/Sprite_Mode@3x.png using Guid(ea833d779996e3244b3b567764be9cf0) Importer(815301076,1909f56bfc062723c751e8b465ee728b)  -> (artifact id: '914fae57b4178ca7c048b29ff84549d4') in 0.027886 seconds
  Import took 0.031429 seconds .

========================================================================
Received Import Request.
  Time since last request: 0.040908 seconds.
  path: Packages/com.unity.2d.animation/Editor/Assets/SkinningModule/Icons/Light/Sprite_Mode@3x.png
  artifactKey: Guid(71d8b2e508f1d9947ba51013600a5eac) Importer(815301076,1909f56bfc062723c751e8b465ee728b)
Start importing Packages/com.unity.2d.animation/Editor/Assets/SkinningModule/Icons/Light/Sprite_Mode@3x.png using Guid(71d8b2e508f1d9947ba51013600a5eac) Importer(815301076,1909f56bfc062723c751e8b465ee728b)  -> (artifact id: '3f97afc5108608cc532efdc370e5751b') in 0.021286 seconds
  Import took 0.025062 seconds .

========================================================================
Received Import Request.
  Time since last request: 28.176406 seconds.
  path: ProjectSettings/TagManager.asset
  artifactKey: Guid(00000000000000003000000000000000) Importer(815301076,1909f56bfc062723c751e8b465ee728b)
Start importing ProjectSettings/TagManager.asset using Guid(00000000000000003000000000000000) Importer(815301076,1909f56bfc062723c751e8b465ee728b)  -> (artifact id: 'e8c3ab6b558fa7fe7c42e9a55a892947') in 0.013616 seconds
  Import took 0.017255 seconds .

========================================================================
Received Import Request.
  Time since last request: 35.270819 seconds.
  path: Assets/Prefab/Water.prefab
  artifactKey: Guid(e3cd74487f0c8034aa79e9ad6c00dc09) Importer(815301076,1909f56bfc062723c751e8b465ee728b)
Start importing Assets/Prefab/Water.prefab using Guid(e3cd74487f0c8034aa79e9ad6c00dc09) Importer(815301076,1909f56bfc062723c751e8b465ee728b)  -> (artifact id: 'afc279bcd57ffa83c60308d4ea17751e') in 0.052529 seconds
  Import took 0.055658 seconds .

========================================================================
Received Import Request.
  Time since last request: 0.001713 seconds.
  path: Assets/Prefab/Water.prefab
  artifactKey: Guid(e3cd74487f0c8034aa79e9ad6c00dc09) Importer(815301076,1909f56bfc062723c751e8b465ee728b)
Start importing Assets/Prefab/Water.prefab using Guid(e3cd74487f0c8034aa79e9ad6c00dc09) Importer(815301076,1909f56bfc062723c751e8b465ee728b)  -> (artifact id: 'afc279bcd57ffa83c60308d4ea17751e') in 0.020366 seconds
  Import took 0.024405 seconds .

========================================================================
Received Prepare
Registering precompiled user dll's ...
Registered in 0.000794 seconds.
Begin MonoManager ReloadAssembly
Native extension for WindowsStandalone target not found
Refreshing native plugins compatible for Editor in 0.33 ms, found 1 plugins.
Preloading 0 native plugins for Editor in 0.00 ms.
Invoked RoslynAnalysisRunner static constructor.
RoslynAnalysisRunner will not be running.
RoslynAnalysisRunner has terminated.
Mono: successfully reloaded assembly
- Completed reload, in  0.832 seconds
Platform modules already initialized, skipping
Refreshing native plugins compatible for Editor in 0.39 ms, found 1 plugins.
Preloading 0 native plugins for Editor in 0.00 ms.
Unloading 1808 Unused Serialized files (Serialized files now loaded: 0)
System memory in use before: 91.2 MB.
System memory in use after: 90.6 MB.

Unloading 26 unused Assets to reduce memory usage. Loaded Objects now: 2318.
Total: 2.107900 ms (FindLiveObjects: 0.153900 ms CreateObjectMapping: 0.056300 ms MarkObjects: 1.552100 ms  DeleteObjects: 0.344800 ms)

========================================================================
Received Prepare
Registering precompiled user dll's ...
Registered in 0.001083 seconds.
Begin MonoManager ReloadAssembly
Native extension for WindowsStandalone target not found
Refreshing native plugins compatible for Editor in 0.32 ms, found 1 plugins.
Preloading 0 native plugins for Editor in 0.00 ms.
Invoked RoslynAnalysisRunner static constructor.
RoslynAnalysisRunner will not be running.
RoslynAnalysisRunner has terminated.
Mono: successfully reloaded assembly
- Completed reload, in  0.888 seconds
Platform modules already initialized, skipping
Refreshing native plugins compatible for Editor in 0.38 ms, found 1 plugins.
Preloading 0 native plugins for Editor in 0.00 ms.
Unloading 1808 Unused Serialized files (Serialized files now loaded: 0)
System memory in use before: 91.3 MB.
System memory in use after: 90.7 MB.

Unloading 25 unused Assets to reduce memory usage. Loaded Objects now: 2321.
Total: 2.182700 ms (FindLiveObjects: 0.177200 ms CreateObjectMapping: 0.066600 ms MarkObjects: 1.538300 ms  DeleteObjects: 0.399800 ms)

========================================================================
Received Import Request.
  Time since last request: 186.897995 seconds.
  path: Assets/Prefab/Blocks.prefab
  artifactKey: Guid(c7f4d686e16707d4c8f71cd0329258be) Importer(815301076,1909f56bfc062723c751e8b465ee728b)
Start importing Assets/Prefab/Blocks.prefab using Guid(c7f4d686e16707d4c8f71cd0329258be) Importer(815301076,1909f56bfc062723c751e8b465ee728b)  -> (artifact id: '5405d9b81bb4f5522a043a2e01003577') in 0.056395 seconds
  Import took 0.059628 seconds .

========================================================================
Received Import Request.
  Time since last request: 4.140712 seconds.
  path: Assets/Prefab/Water.prefab
  artifactKey: Guid(e3cd74487f0c8034aa79e9ad6c00dc09) Importer(815301076,1909f56bfc062723c751e8b465ee728b)
Start importing Assets/Prefab/Water.prefab using Guid(e3cd74487f0c8034aa79e9ad6c00dc09) Importer(815301076,1909f56bfc062723c751e8b465ee728b)  -> (artifact id: '611e1f619680ca47b8303aa8c78bbe1c') in 0.021113 seconds
  Import took 0.024841 seconds .

========================================================================
Received Import Request.
  Time since last request: 3.854401 seconds.
  path: Assets/Prefab/Water.prefab
  artifactKey: Guid(e3cd74487f0c8034aa79e9ad6c00dc09) Importer(815301076,1909f56bfc062723c751e8b465ee728b)
Start importing Assets/Prefab/Water.prefab using Guid(e3cd74487f0c8034aa79e9ad6c00dc09) Importer(815301076,1909f56bfc062723c751e8b465ee728b)  -> (artifact id: '7116055a2e85b8c3d5b26238491eb4c3') in 0.022553 seconds
  Import took 0.026719 seconds .

========================================================================
Received Import Request.
  Time since last request: 1.817865 seconds.
  path: Assets/Prefab/Water.prefab
  artifactKey: Guid(e3cd74487f0c8034aa79e9ad6c00dc09) Importer(815301076,1909f56bfc062723c751e8b465ee728b)
Start importing Assets/Prefab/Water.prefab using Guid(e3cd74487f0c8034aa79e9ad6c00dc09) Importer(815301076,1909f56bfc062723c751e8b465ee728b)  -> (artifact id: 'ebe74f042f2716a40f8d9358dae7ca9c') in 0.023116 seconds
  Import took 0.027383 seconds .

========================================================================
Received Import Request.
  Time since last request: 15.383676 seconds.
  path: Assets/Prefab/Blocks.prefab
  artifactKey: Guid(c7f4d686e16707d4c8f71cd0329258be) Importer(815301076,1909f56bfc062723c751e8b465ee728b)
Start importing Assets/Prefab/Blocks.prefab using Guid(c7f4d686e16707d4c8f71cd0329258be) Importer(815301076,1909f56bfc062723c751e8b465ee728b)  -> (artifact id: '15551ebf965650c88870cacf6ff99105') in 0.024206 seconds
  Import took 0.029819 seconds .

========================================================================
Received Prepare
Registering precompiled user dll's ...
Registered in 0.000811 seconds.
Begin MonoManager ReloadAssembly
Native extension for WindowsStandalone target not found
Refreshing native plugins compatible for Editor in 0.32 ms, found 1 plugins.
Preloading 0 native plugins for Editor in 0.00 ms.
Invoked RoslynAnalysisRunner static constructor.
RoslynAnalysisRunner will not be running.
RoslynAnalysisRunner has terminated.
Mono: successfully reloaded assembly
- Completed reload, in  0.869 seconds
Platform modules already initialized, skipping
Refreshing native plugins compatible for Editor in 0.36 ms, found 1 plugins.
Preloading 0 native plugins for Editor in 0.00 ms.
Unloading 1808 Unused Serialized files (Serialized files now loaded: 0)
System memory in use before: 91.4 MB.
System memory in use after: 90.8 MB.

Unloading 25 unused Assets to reduce memory usage. Loaded Objects now: 2325.
Total: 2.525900 ms (FindLiveObjects: 0.315500 ms CreateObjectMapping: 0.084500 ms MarkObjects: 1.726300 ms  DeleteObjects: 0.383900 ms)

========================================================================
Received Import Request.
  Time since last request: 19.754978 seconds.
  path: Assets/Prefab/Blocks.prefab
  artifactKey: Guid(c7f4d686e16707d4c8f71cd0329258be) Importer(815301076,1909f56bfc062723c751e8b465ee728b)
Start importing Assets/Prefab/Blocks.prefab using Guid(c7f4d686e16707d4c8f71cd0329258be) Importer(815301076,1909f56bfc062723c751e8b465ee728b)  -> (artifact id: '9a705d11031c568fef10ea6d0af9e1f9') in 0.063062 seconds
  Import took 0.066039 seconds .

========================================================================
Received Import Request.
  Time since last request: 0.000223 seconds.
  path: Assets/Prefab/Water.prefab
  artifactKey: Guid(e3cd74487f0c8034aa79e9ad6c00dc09) Importer(815301076,1909f56bfc062723c751e8b465ee728b)
Start importing Assets/Prefab/Water.prefab using Guid(e3cd74487f0c8034aa79e9ad6c00dc09) Importer(815301076,1909f56bfc062723c751e8b465ee728b)  -> (artifact id: '3f3f7fd5e6ddd415773f07532107a3b5') in 0.017470 seconds
  Import took 0.020835 seconds .

========================================================================
Received Prepare
Registering precompiled user dll's ...
Registered in 0.001439 seconds.
Begin MonoManager ReloadAssembly
Native extension for WindowsStandalone target not found
Refreshing native plugins compatible for Editor in 0.35 ms, found 1 plugins.
Preloading 0 native plugins for Editor in 0.00 ms.
Invoked RoslynAnalysisRunner static constructor.
RoslynAnalysisRunner will not be running.
RoslynAnalysisRunner has terminated.
Mono: successfully reloaded assembly
- Completed reload, in  0.914 seconds
Platform modules already initialized, skipping
Refreshing native plugins compatible for Editor in 0.40 ms, found 1 plugins.
Preloading 0 native plugins for Editor in 0.00 ms.
Unloading 1809 Unused Serialized files (Serialized files now loaded: 0)
System memory in use before: 91.5 MB.
System memory in use after: 90.9 MB.

Unloading 25 unused Assets to reduce memory usage. Loaded Objects now: 2330.
Total: 2.354900 ms (FindLiveObjects: 0.209100 ms CreateObjectMapping: 0.079200 ms MarkObjects: 1.678500 ms  DeleteObjects: 0.387000 ms)

========================================================================
Received Import Request.
  Time since last request: 22.568945 seconds.
  path: Assets/Prefab/Water.prefab
  artifactKey: Guid(e3cd74487f0c8034aa79e9ad6c00dc09) Importer(815301076,1909f56bfc062723c751e8b465ee728b)
Start importing Assets/Prefab/Water.prefab using Guid(e3cd74487f0c8034aa79e9ad6c00dc09) Importer(815301076,1909f56bfc062723c751e8b465ee728b)  -> (artifact id: 'f262445b3b21965f0e6e94769d476db9') in 0.056276 seconds
  Import took 0.059538 seconds .

========================================================================
Received Import Request.
  Time since last request: 4.131083 seconds.
  path: Assets/WaterMovement.cs
  artifactKey: Guid(30b796b9fcd421c4187df7d2e349aad7) Importer(815301076,1909f56bfc062723c751e8b465ee728b)
Start importing Assets/WaterMovement.cs using Guid(30b796b9fcd421c4187df7d2e349aad7) Importer(815301076,1909f56bfc062723c751e8b465ee728b)  -> (artifact id: '354f032872bf76dcf42e90f2ecdf92eb') in 0.008812 seconds
  Import took 0.012121 seconds .

========================================================================
Received Prepare
Registering precompiled user dll's ...
Registered in 0.001015 seconds.
Begin MonoManager ReloadAssembly
Native extension for WindowsStandalone target not found
Refreshing native plugins compatible for Editor in 0.32 ms, found 1 plugins.
Preloading 0 native plugins for Editor in 0.00 ms.
Invoked RoslynAnalysisRunner static constructor.
RoslynAnalysisRunner will not be running.
RoslynAnalysisRunner has terminated.
Mono: successfully reloaded assembly
- Completed reload, in  0.859 seconds
Platform modules already initialized, skipping
Refreshing native plugins compatible for Editor in 0.34 ms, found 1 plugins.
Preloading 0 native plugins for Editor in 0.00 ms.
Unloading 1809 Unused Serialized files (Serialized files now loaded: 0)
System memory in use before: 91.5 MB.
System memory in use after: 90.9 MB.

Unloading 25 unused Assets to reduce memory usage. Loaded Objects now: 2334.
Total: 2.260600 ms (FindLiveObjects: 0.231300 ms CreateObjectMapping: 0.068000 ms MarkObjects: 1.564500 ms  DeleteObjects: 0.395800 ms)

========================================================================
Received Import Request.
  Time since last request: 6.951760 seconds.
  path: Assets/Scripts/GameManager.cs
  artifactKey: Guid(a26e26b9dcf1afc429d0c6d0a611dfed) Importer(815301076,1909f56bfc062723c751e8b465ee728b)
Start importing Assets/Scripts/GameManager.cs using Guid(a26e26b9dcf1afc429d0c6d0a611dfed) Importer(815301076,1909f56bfc062723c751e8b465ee728b)  -> (artifact id: '1f54da9503a6dd86d94a572c92ae9d1d') in 0.005862 seconds
  Import took 0.008880 seconds .

========================================================================
Received Import Request.
  Time since last request: 0.023380 seconds.
  path: Assets/Scripts/GameManager.cs
  artifactKey: Guid(a26e26b9dcf1afc429d0c6d0a611dfed) Importer(815301076,1909f56bfc062723c751e8b465ee728b)
Start importing Assets/Scripts/GameManager.cs using Guid(a26e26b9dcf1afc429d0c6d0a611dfed) Importer(815301076,1909f56bfc062723c751e8b465ee728b)  -> (artifact id: '1f54da9503a6dd86d94a572c92ae9d1d') in 0.005820 seconds
  Import took 0.009598 seconds .

========================================================================
Received Prepare
Registering precompiled user dll's ...
Registered in 0.000873 seconds.
Begin MonoManager ReloadAssembly
Native extension for WindowsStandalone target not found
Refreshing native plugins compatible for Editor in 0.32 ms, found 1 plugins.
Preloading 0 native plugins for Editor in 0.00 ms.
Invoked RoslynAnalysisRunner static constructor.
RoslynAnalysisRunner will not be running.
RoslynAnalysisRunner has terminated.
Mono: successfully reloaded assembly
- Completed reload, in  0.870 seconds
Platform modules already initialized, skipping
Refreshing native plugins compatible for Editor in 0.35 ms, found 1 plugins.
Preloading 0 native plugins for Editor in 0.00 ms.
Unloading 1809 Unused Serialized files (Serialized files now loaded: 0)
System memory in use before: 90.7 MB.
System memory in use after: 90.1 MB.

Unloading 25 unused Assets to reduce memory usage. Loaded Objects now: 2337.
Total: 2.568400 ms (FindLiveObjects: 0.207900 ms CreateObjectMapping: 0.074800 ms MarkObjects: 1.884000 ms  DeleteObjects: 0.400600 ms)

========================================================================
Received Import Request.
  Time since last request: 920.442634 seconds.
  path: Assets/Scripts/WaterMovement.cs
  artifactKey: Guid(30b796b9fcd421c4187df7d2e349aad7) Importer(815301076,1909f56bfc062723c751e8b465ee728b)
Start importing Assets/Scripts/WaterMovement.cs using Guid(30b796b9fcd421c4187df7d2e349aad7) Importer(815301076,1909f56bfc062723c751e8b465ee728b)  -> (artifact id: '1757727fd17b657f615e1289a410c2d8') in 0.004992 seconds
  Import took 0.007823 seconds .

========================================================================
Received Import Request.
  Time since last request: 13.064133 seconds.
  path: Assets/Prefab/Water.prefab
  artifactKey: Guid(e3cd74487f0c8034aa79e9ad6c00dc09) Importer(815301076,1909f56bfc062723c751e8b465ee728b)
Start importing Assets/Prefab/Water.prefab using Guid(e3cd74487f0c8034aa79e9ad6c00dc09) Importer(815301076,1909f56bfc062723c751e8b465ee728b)  -> (artifact id: 'bc6fbee2a29d3c1bed56f1a620d8ebee') in 0.056639 seconds
  Import took 0.059679 seconds .

========================================================================
Received Prepare
Registering precompiled user dll's ...
Registered in 0.001181 seconds.
Begin MonoManager ReloadAssembly
Native extension for WindowsStandalone target not found
Refreshing native plugins compatible for Editor in 0.32 ms, found 1 plugins.
Preloading 0 native plugins for Editor in 0.00 ms.
Invoked RoslynAnalysisRunner static constructor.
RoslynAnalysisRunner will not be running.
RoslynAnalysisRunner has terminated.
Mono: successfully reloaded assembly
- Completed reload, in  0.880 seconds
Platform modules already initialized, skipping
Refreshing native plugins compatible for Editor in 0.36 ms, found 1 plugins.
Preloading 0 native plugins for Editor in 0.00 ms.
Unloading 1809 Unused Serialized files (Serialized files now loaded: 0)
System memory in use before: 90.7 MB.
System memory in use after: 90.2 MB.

Unloading 25 unused Assets to reduce memory usage. Loaded Objects now: 2341.
Total: 2.242100 ms (FindLiveObjects: 0.180300 ms CreateObjectMapping: 0.067600 ms MarkObjects: 1.542900 ms  DeleteObjects: 0.450200 ms)

========================================================================
Received Import Request.
  Time since last request: 19.910101 seconds.
  path: Assets/Prefab/Water.prefab
  artifactKey: Guid(e3cd74487f0c8034aa79e9ad6c00dc09) Importer(815301076,1909f56bfc062723c751e8b465ee728b)
Start importing Assets/Prefab/Water.prefab using Guid(e3cd74487f0c8034aa79e9ad6c00dc09) Importer(815301076,1909f56bfc062723c751e8b465ee728b)  -> (artifact id: '1d7e65092a8d23b1fb277ae692c28bfd') in 0.059545 seconds
  Import took 0.062463 seconds .

========================================================================
Received Import Request.
  Time since last request: 20.727129 seconds.
  path: Assets/Prefab/Water.prefab
  artifactKey: Guid(e3cd74487f0c8034aa79e9ad6c00dc09) Importer(815301076,1909f56bfc062723c751e8b465ee728b)
Start importing Assets/Prefab/Water.prefab using Guid(e3cd74487f0c8034aa79e9ad6c00dc09) Importer(815301076,1909f56bfc062723c751e8b465ee728b)  -> (artifact id: 'fb80f46fcb7ad55ec5dd89b30594b0fd') in 0.019112 seconds
  Import took 0.022690 seconds .

========================================================================
Received Prepare
Registering precompiled user dll's ...
Registered in 0.000783 seconds.
Begin MonoManager ReloadAssembly
Native extension for WindowsStandalone target not found
Refreshing native plugins compatible for Editor in 0.42 ms, found 1 plugins.
Preloading 0 native plugins for Editor in 0.00 ms.
Invoked RoslynAnalysisRunner static constructor.
RoslynAnalysisRunner will not be running.
RoslynAnalysisRunner has terminated.
Mono: successfully reloaded assembly
- Completed reload, in  0.863 seconds
Platform modules already initialized, skipping
Refreshing native plugins compatible for Editor in 0.37 ms, found 1 plugins.
Preloading 0 native plugins for Editor in 0.00 ms.
Unloading 1809 Unused Serialized files (Serialized files now loaded: 0)
System memory in use before: 90.8 MB.
System memory in use after: 90.2 MB.

Unloading 25 unused Assets to reduce memory usage. Loaded Objects now: 2345.
Total: 2.530100 ms (FindLiveObjects: 0.277500 ms CreateObjectMapping: 0.083500 ms MarkObjects: 1.722000 ms  DeleteObjects: 0.445600 ms)

========================================================================
Received Import Request.
  Time since last request: 128.961756 seconds.
  path: Assets/Prefab/Water.prefab
  artifactKey: Guid(e3cd74487f0c8034aa79e9ad6c00dc09) Importer(815301076,1909f56bfc062723c751e8b465ee728b)
Start importing Assets/Prefab/Water.prefab using Guid(e3cd74487f0c8034aa79e9ad6c00dc09) Importer(815301076,1909f56bfc062723c751e8b465ee728b)  -> (artifact id: '2edad6630fad3bfcd1a058b98274e499') in 0.063143 seconds
  Import took 0.066551 seconds .

========================================================================
Received Prepare
Registering precompiled user dll's ...
Registered in 0.001010 seconds.
Begin MonoManager ReloadAssembly
Native extension for WindowsStandalone target not found
Refreshing native plugins compatible for Editor in 0.31 ms, found 1 plugins.
Preloading 0 native plugins for Editor in 0.00 ms.
Invoked RoslynAnalysisRunner static constructor.
RoslynAnalysisRunner will not be running.
RoslynAnalysisRunner has terminated.
Mono: successfully reloaded assembly
- Completed reload, in  0.795 seconds
Platform modules already initialized, skipping
Refreshing native plugins compatible for Editor in 0.40 ms, found 1 plugins.
Preloading 0 native plugins for Editor in 0.00 ms.
Unloading 1809 Unused Serialized files (Serialized files now loaded: 0)
System memory in use before: 90.9 MB.
System memory in use after: 90.3 MB.

Unloading 25 unused Assets to reduce memory usage. Loaded Objects now: 2349.
Total: 2.312600 ms (FindLiveObjects: 0.176700 ms CreateObjectMapping: 0.074300 ms MarkObjects: 1.677600 ms  DeleteObjects: 0.382800 ms)

========================================================================
Received Prepare
Registering precompiled user dll's ...
Registered in 0.000804 seconds.
Begin MonoManager ReloadAssembly
Native extension for WindowsStandalone target not found
Refreshing native plugins compatible for Editor in 0.37 ms, found 1 plugins.
Preloading 0 native plugins for Editor in 0.00 ms.
Invoked RoslynAnalysisRunner static constructor.
RoslynAnalysisRunner will not be running.
RoslynAnalysisRunner has terminated.
Mono: successfully reloaded assembly
- Completed reload, in  0.813 seconds
Platform modules already initialized, skipping
Refreshing native plugins compatible for Editor in 0.38 ms, found 1 plugins.
Preloading 0 native plugins for Editor in 0.00 ms.
Unloading 1809 Unused Serialized files (Serialized files now loaded: 0)
System memory in use before: 91.0 MB.
System memory in use after: 90.4 MB.

Unloading 25 unused Assets to reduce memory usage. Loaded Objects now: 2352.
Total: 2.513600 ms (FindLiveObjects: 0.259800 ms CreateObjectMapping: 0.098700 ms MarkObjects: 1.746400 ms  DeleteObjects: 0.407700 ms)

========================================================================
Received Prepare
Registering precompiled user dll's ...
Registered in 0.000804 seconds.
Begin MonoManager ReloadAssembly
Native extension for WindowsStandalone target not found
Refreshing native plugins compatible for Editor in 0.32 ms, found 1 plugins.
Preloading 0 native plugins for Editor in 0.00 ms.
Invoked RoslynAnalysisRunner static constructor.
RoslynAnalysisRunner will not be running.
RoslynAnalysisRunner has terminated.
Mono: successfully reloaded assembly
- Completed reload, in  0.795 seconds
Platform modules already initialized, skipping
Refreshing native plugins compatible for Editor in 0.43 ms, found 1 plugins.
Preloading 0 native plugins for Editor in 0.00 ms.
Unloading 1809 Unused Serialized files (Serialized files now loaded: 0)
System memory in use before: 91.1 MB.
System memory in use after: 90.5 MB.

Unloading 25 unused Assets to reduce memory usage. Loaded Objects now: 2355.
Total: 2.336100 ms (FindLiveObjects: 0.205400 ms CreateObjectMapping: 0.080000 ms MarkObjects: 1.681800 ms  DeleteObjects: 0.367600 ms)

========================================================================
Received Prepare
Registering precompiled user dll's ...
Registered in 0.000846 seconds.
Begin MonoManager ReloadAssembly
Native extension for WindowsStandalone target not found
Refreshing native plugins compatible for Editor in 0.40 ms, found 1 plugins.
Preloading 0 native plugins for Editor in 0.00 ms.
Invoked RoslynAnalysisRunner static constructor.
RoslynAnalysisRunner will not be running.
RoslynAnalysisRunner has terminated.
Mono: successfully reloaded assembly
- Completed reload, in  0.818 seconds
Platform modules already initialized, skipping
Refreshing native plugins compatible for Editor in 0.38 ms, found 1 plugins.
Preloading 0 native plugins for Editor in 0.00 ms.
Unloading 1809 Unused Serialized files (Serialized files now loaded: 0)
System memory in use before: 91.2 MB.
System memory in use after: 90.6 MB.

Unloading 25 unused Assets to reduce memory usage. Loaded Objects now: 2358.
Total: 2.201100 ms (FindLiveObjects: 0.185200 ms CreateObjectMapping: 0.076200 ms MarkObjects: 1.525700 ms  DeleteObjects: 0.413200 ms)

========================================================================
Received Prepare
Registering precompiled user dll's ...
Registered in 0.000857 seconds.
Begin MonoManager ReloadAssembly
Native extension for WindowsStandalone target not found
Refreshing native plugins compatible for Editor in 0.32 ms, found 1 plugins.
Preloading 0 native plugins for Editor in 0.00 ms.
Invoked RoslynAnalysisRunner static constructor.
RoslynAnalysisRunner will not be running.
RoslynAnalysisRunner has terminated.
Mono: successfully reloaded assembly
- Completed reload, in  0.833 seconds
Platform modules already initialized, skipping
Refreshing native plugins compatible for Editor in 0.43 ms, found 1 plugins.
Preloading 0 native plugins for Editor in 0.00 ms.
Unloading 1809 Unused Serialized files (Serialized files now loaded: 0)
System memory in use before: 91.3 MB.
System memory in use after: 90.7 MB.

Unloading 25 unused Assets to reduce memory usage. Loaded Objects now: 2361.
Total: 2.357800 ms (FindLiveObjects: 0.209100 ms CreateObjectMapping: 0.082800 ms MarkObjects: 1.697700 ms  DeleteObjects: 0.366800 ms)

========================================================================
Received Prepare
Registering precompiled user dll's ...
Registered in 0.000818 seconds.
Begin MonoManager ReloadAssembly
Native extension for WindowsStandalone target not found
Refreshing native plugins compatible for Editor in 0.32 ms, found 1 plugins.
Preloading 0 native plugins for Editor in 0.00 ms.
Invoked RoslynAnalysisRunner static constructor.
RoslynAnalysisRunner will not be running.
RoslynAnalysisRunner has terminated.
Mono: successfully reloaded assembly
- Completed reload, in  0.803 seconds
Platform modules already initialized, skipping
Refreshing native plugins compatible for Editor in 0.39 ms, found 1 plugins.
Preloading 0 native plugins for Editor in 0.00 ms.
Unloading 1809 Unused Serialized files (Serialized files now loaded: 0)
System memory in use before: 91.3 MB.
System memory in use after: 90.8 MB.

Unloading 25 unused Assets to reduce memory usage. Loaded Objects now: 2364.
Total: 2.244400 ms (FindLiveObjects: 0.179600 ms CreateObjectMapping: 0.073500 ms MarkObjects: 1.536400 ms  DeleteObjects: 0.453900 ms)

========================================================================
Received Prepare
Registering precompiled user dll's ...
Registered in 0.001027 seconds.
Begin MonoManager ReloadAssembly
Native extension for WindowsStandalone target not found
Refreshing native plugins compatible for Editor in 0.41 ms, found 1 plugins.
Preloading 0 native plugins for Editor in 0.00 ms.
Invoked RoslynAnalysisRunner static constructor.
RoslynAnalysisRunner will not be running.
RoslynAnalysisRunner has terminated.
Mono: successfully reloaded assembly
- Completed reload, in  0.797 seconds
Platform modules already initialized, skipping
Refreshing native plugins compatible for Editor in 0.35 ms, found 1 plugins.
Preloading 0 native plugins for Editor in 0.00 ms.
Unloading 1809 Unused Serialized files (Serialized files now loaded: 0)
System memory in use before: 91.4 MB.
System memory in use after: 90.9 MB.

Unloading 25 unused Assets to reduce memory usage. Loaded Objects now: 2367.
Total: 2.825900 ms (FindLiveObjects: 0.198800 ms CreateObjectMapping: 0.060100 ms MarkObjects: 2.101200 ms  DeleteObjects: 0.464400 ms)

========================================================================
Received Prepare
Registering precompiled user dll's ...
Registered in 0.000907 seconds.
Begin MonoManager ReloadAssembly
Native extension for WindowsStandalone target not found
Refreshing native plugins compatible for Editor in 0.32 ms, found 1 plugins.
Preloading 0 native plugins for Editor in 0.00 ms.
Invoked RoslynAnalysisRunner static constructor.
RoslynAnalysisRunner will not be running.
RoslynAnalysisRunner has terminated.
Mono: successfully reloaded assembly
- Completed reload, in  0.882 seconds
Platform modules already initialized, skipping
Refreshing native plugins compatible for Editor in 0.35 ms, found 1 plugins.
Preloading 0 native plugins for Editor in 0.00 ms.
Unloading 1809 Unused Serialized files (Serialized files now loaded: 0)
System memory in use before: 91.5 MB.
System memory in use after: 90.9 MB.

Unloading 25 unused Assets to reduce memory usage. Loaded Objects now: 2370.
Total: 2.247000 ms (FindLiveObjects: 0.174800 ms CreateObjectMapping: 0.064400 ms MarkObjects: 1.605900 ms  DeleteObjects: 0.401100 ms)

========================================================================
Received Import Request.
  Time since last request: 422.927109 seconds.
  path: Assets/Prefab/Water.prefab
  artifactKey: Guid(e3cd74487f0c8034aa79e9ad6c00dc09) Importer(815301076,1909f56bfc062723c751e8b465ee728b)
Start importing Assets/Prefab/Water.prefab using Guid(e3cd74487f0c8034aa79e9ad6c00dc09) Importer(815301076,1909f56bfc062723c751e8b465ee728b)  -> (artifact id: 'eb95fc61dfc79d5904a2dcd073929f3d') in 0.061812 seconds
  Import took 0.065064 seconds .

========================================================================
Received Prepare
Registering precompiled user dll's ...
Registered in 0.001096 seconds.
Begin MonoManager ReloadAssembly
Native extension for WindowsStandalone target not found
Refreshing native plugins compatible for Editor in 0.32 ms, found 1 plugins.
Preloading 0 native plugins for Editor in 0.00 ms.
Invoked RoslynAnalysisRunner static constructor.
RoslynAnalysisRunner will not be running.
RoslynAnalysisRunner has terminated.
Mono: successfully reloaded assembly
- Completed reload, in  0.904 seconds
Platform modules already initialized, skipping
Refreshing native plugins compatible for Editor in 0.35 ms, found 1 plugins.
Preloading 0 native plugins for Editor in 0.00 ms.
Unloading 1809 Unused Serialized files (Serialized files now loaded: 0)
System memory in use before: 91.6 MB.
System memory in use after: 91.0 MB.

Unloading 25 unused Assets to reduce memory usage. Loaded Objects now: 2374.
Total: 2.442200 ms (FindLiveObjects: 0.184300 ms CreateObjectMapping: 0.069500 ms MarkObjects: 1.822900 ms  DeleteObjects: 0.364000 ms)

========================================================================
Received Import Request.
  Time since last request: 24.699928 seconds.
  path: Assets/Prefab/Water.prefab
  artifactKey: Guid(e3cd74487f0c8034aa79e9ad6c00dc09) Importer(815301076,1909f56bfc062723c751e8b465ee728b)
Start importing Assets/Prefab/Water.prefab using Guid(e3cd74487f0c8034aa79e9ad6c00dc09) Importer(815301076,1909f56bfc062723c751e8b465ee728b)  -> (artifact id: '175ab2a0139ace213be08aac6e414a16') in 0.062953 seconds
  Import took 0.066527 seconds .

========================================================================
Received Prepare
Registering precompiled user dll's ...
Registered in 0.000875 seconds.
Begin MonoManager ReloadAssembly
Native extension for WindowsStandalone target not found
Refreshing native plugins compatible for Editor in 0.32 ms, found 1 plugins.
Preloading 0 native plugins for Editor in 0.00 ms.
Invoked RoslynAnalysisRunner static constructor.
RoslynAnalysisRunner will not be running.
RoslynAnalysisRunner has terminated.
Mono: successfully reloaded assembly
- Completed reload, in  0.830 seconds
Platform modules already initialized, skipping
Refreshing native plugins compatible for Editor in 0.35 ms, found 1 plugins.
Preloading 0 native plugins for Editor in 0.00 ms.
Unloading 1809 Unused Serialized files (Serialized files now loaded: 0)
System memory in use before: 91.6 MB.
System memory in use after: 91.0 MB.

Unloading 25 unused Assets to reduce memory usage. Loaded Objects now: 2378.
Total: 3.240400 ms (FindLiveObjects: 0.224200 ms CreateObjectMapping: 0.439100 ms MarkObjects: 2.105900 ms  DeleteObjects: 0.462400 ms)

========================================================================
Received Prepare
Registering precompiled user dll's ...
Registered in 0.000837 seconds.
Begin MonoManager ReloadAssembly
Native extension for WindowsStandalone target not found
Refreshing native plugins compatible for Editor in 0.45 ms, found 1 plugins.
Preloading 0 native plugins for Editor in 0.00 ms.
Invoked RoslynAnalysisRunner static constructor.
RoslynAnalysisRunner will not be running.
RoslynAnalysisRunner has terminated.
Mono: successfully reloaded assembly
- Completed reload, in  0.884 seconds
Platform modules already initialized, skipping
Refreshing native plugins compatible for Editor in 0.36 ms, found 1 plugins.
Preloading 0 native plugins for Editor in 0.00 ms.
Unloading 1809 Unused Serialized files (Serialized files now loaded: 0)
System memory in use before: 90.8 MB.
System memory in use after: 90.2 MB.

Unloading 25 unused Assets to reduce memory usage. Loaded Objects now: 2381.
Total: 3.043800 ms (FindLiveObjects: 0.231500 ms CreateObjectMapping: 0.077800 ms MarkObjects: 2.327000 ms  DeleteObjects: 0.406200 ms)

========================================================================
Received Import Request.
  Time since last request: 104.206635 seconds.
  path: Assets/Prefab/Water.prefab
  artifactKey: Guid(e3cd74487f0c8034aa79e9ad6c00dc09) Importer(815301076,1909f56bfc062723c751e8b465ee728b)
Start importing Assets/Prefab/Water.prefab using Guid(e3cd74487f0c8034aa79e9ad6c00dc09) Importer(815301076,1909f56bfc062723c751e8b465ee728b)  -> (artifact id: 'ed9a3f9d70e39beeedbfdd4d6f9d9eaa') in 0.060741 seconds
  Import took 0.064360 seconds .

========================================================================
Received Import Request.
  Time since last request: 10.107373 seconds.
  path: Assets/Prefab/Water.prefab
  artifactKey: Guid(e3cd74487f0c8034aa79e9ad6c00dc09) Importer(815301076,1909f56bfc062723c751e8b465ee728b)
Start importing Assets/Prefab/Water.prefab using Guid(e3cd74487f0c8034aa79e9ad6c00dc09) Importer(815301076,1909f56bfc062723c751e8b465ee728b)  -> (artifact id: 'be91ddab971c7d81f5221478084029dc') in 0.023007 seconds
  Import took 0.026973 seconds .

========================================================================
Received Prepare
Registering precompiled user dll's ...
Registered in 0.000970 seconds.
Begin MonoManager ReloadAssembly
Native extension for WindowsStandalone target not found
Refreshing native plugins compatible for Editor in 0.40 ms, found 1 plugins.
Preloading 0 native plugins for Editor in 0.00 ms.
Invoked RoslynAnalysisRunner static constructor.
RoslynAnalysisRunner will not be running.
RoslynAnalysisRunner has terminated.
Mono: successfully reloaded assembly
- Completed reload, in  0.878 seconds
Platform modules already initialized, skipping
Refreshing native plugins compatible for Editor in 0.40 ms, found 1 plugins.
Preloading 0 native plugins for Editor in 0.00 ms.
Unloading 1809 Unused Serialized files (Serialized files now loaded: 0)
System memory in use before: 90.9 MB.
System memory in use after: 90.3 MB.

Unloading 25 unused Assets to reduce memory usage. Loaded Objects now: 2385.
Total: 2.473900 ms (FindLiveObjects: 0.219300 ms CreateObjectMapping: 0.063100 ms MarkObjects: 1.772900 ms  DeleteObjects: 0.417600 ms)

========================================================================
Received Prepare
Registering precompiled user dll's ...
Registered in 0.000912 seconds.
Begin MonoManager ReloadAssembly
Native extension for WindowsStandalone target not found
Refreshing native plugins compatible for Editor in 0.33 ms, found 1 plugins.
Preloading 0 native plugins for Editor in 0.00 ms.
Invoked RoslynAnalysisRunner static constructor.
RoslynAnalysisRunner will not be running.
RoslynAnalysisRunner has terminated.
Mono: successfully reloaded assembly
- Completed reload, in  0.879 seconds
Platform modules already initialized, skipping
Refreshing native plugins compatible for Editor in 0.36 ms, found 1 plugins.
Preloading 0 native plugins for Editor in 0.00 ms.
Unloading 1809 Unused Serialized files (Serialized files now loaded: 0)
System memory in use before: 91.0 MB.
System memory in use after: 90.4 MB.

Unloading 25 unused Assets to reduce memory usage. Loaded Objects now: 2388.
Total: 2.174700 ms (FindLiveObjects: 0.230000 ms CreateObjectMapping: 0.070500 ms MarkObjects: 1.496300 ms  DeleteObjects: 0.377000 ms)

========================================================================
Received Prepare
Registering precompiled user dll's ...
Registered in 0.000959 seconds.
Begin MonoManager ReloadAssembly
Native extension for WindowsStandalone target not found
Refreshing native plugins compatible for Editor in 0.45 ms, found 1 plugins.
Preloading 0 native plugins for Editor in 0.00 ms.
Invoked RoslynAnalysisRunner static constructor.
RoslynAnalysisRunner will not be running.
RoslynAnalysisRunner has terminated.
Mono: successfully reloaded assembly
- Completed reload, in  0.892 seconds
Platform modules already initialized, skipping
Refreshing native plugins compatible for Editor in 0.36 ms, found 1 plugins.
Preloading 0 native plugins for Editor in 0.00 ms.
Unloading 1809 Unused Serialized files (Serialized files now loaded: 0)
System memory in use before: 91.0 MB.
System memory in use after: 90.5 MB.

Unloading 25 unused Assets to reduce memory usage. Loaded Objects now: 2391.
Total: 2.376700 ms (FindLiveObjects: 0.302200 ms CreateObjectMapping: 0.072200 ms MarkObjects: 1.611400 ms  DeleteObjects: 0.389900 ms)

========================================================================
Received Import Request.
  Time since last request: 169.598339 seconds.
  path: Assets/Prefab/Water.prefab
  artifactKey: Guid(e3cd74487f0c8034aa79e9ad6c00dc09) Importer(815301076,1909f56bfc062723c751e8b465ee728b)
Start importing Assets/Prefab/Water.prefab using Guid(e3cd74487f0c8034aa79e9ad6c00dc09) Importer(815301076,1909f56bfc062723c751e8b465ee728b)  -> (artifact id: 'ae5876b9e227f34fc1a4da136d41a988') in 0.061225 seconds
  Import took 0.064836 seconds .

========================================================================
Received Prepare
Registering precompiled user dll's ...
Registered in 0.000801 seconds.
Begin MonoManager ReloadAssembly
Native extension for WindowsStandalone target not found
Refreshing native plugins compatible for Editor in 0.32 ms, found 1 plugins.
Preloading 0 native plugins for Editor in 0.00 ms.
Invoked RoslynAnalysisRunner static constructor.
RoslynAnalysisRunner will not be running.
RoslynAnalysisRunner has terminated.
Mono: successfully reloaded assembly
- Completed reload, in  0.843 seconds
Platform modules already initialized, skipping
Refreshing native plugins compatible for Editor in 0.43 ms, found 1 plugins.
Preloading 0 native plugins for Editor in 0.00 ms.
Unloading 1809 Unused Serialized files (Serialized files now loaded: 0)
System memory in use before: 91.1 MB.
System memory in use after: 90.5 MB.

Unloading 25 unused Assets to reduce memory usage. Loaded Objects now: 2395.
Total: 2.497700 ms (FindLiveObjects: 0.300200 ms CreateObjectMapping: 0.168100 ms MarkObjects: 1.633100 ms  DeleteObjects: 0.394400 ms)

========================================================================
Received Prepare
Registering precompiled user dll's ...
Registered in 0.000855 seconds.
Begin MonoManager ReloadAssembly
Native extension for WindowsStandalone target not found
Refreshing native plugins compatible for Editor in 0.32 ms, found 1 plugins.
Preloading 0 native plugins for Editor in 0.00 ms.
Invoked RoslynAnalysisRunner static constructor.
RoslynAnalysisRunner will not be running.
RoslynAnalysisRunner has terminated.
Mono: successfully reloaded assembly
- Completed reload, in  0.803 seconds
Platform modules already initialized, skipping
Refreshing native plugins compatible for Editor in 0.36 ms, found 1 plugins.
Preloading 0 native plugins for Editor in 0.00 ms.
Unloading 1809 Unused Serialized files (Serialized files now loaded: 0)
System memory in use before: 91.2 MB.
System memory in use after: 90.6 MB.

Unloading 25 unused Assets to reduce memory usage. Loaded Objects now: 2398.
Total: 2.295000 ms (FindLiveObjects: 0.203500 ms CreateObjectMapping: 0.081000 ms MarkObjects: 1.644100 ms  DeleteObjects: 0.364800 ms)

========================================================================
Received Prepare
Registering precompiled user dll's ...
Registered in 0.001124 seconds.
Begin MonoManager ReloadAssembly
Native extension for WindowsStandalone target not found
Refreshing native plugins compatible for Editor in 0.32 ms, found 1 plugins.
Preloading 0 native plugins for Editor in 0.00 ms.
Invoked RoslynAnalysisRunner static constructor.
RoslynAnalysisRunner will not be running.
RoslynAnalysisRunner has terminated.
Mono: successfully reloaded assembly
- Completed reload, in  0.813 seconds
Platform modules already initialized, skipping
Refreshing native plugins compatible for Editor in 0.39 ms, found 1 plugins.
Preloading 0 native plugins for Editor in 0.00 ms.
Unloading 1809 Unused Serialized files (Serialized files now loaded: 0)
System memory in use before: 91.3 MB.
System memory in use after: 90.7 MB.

Unloading 25 unused Assets to reduce memory usage. Loaded Objects now: 2401.
Total: 2.409100 ms (FindLiveObjects: 0.232700 ms CreateObjectMapping: 0.085800 ms MarkObjects: 1.679600 ms  DeleteObjects: 0.410200 ms)

========================================================================
Received Prepare
Registering precompiled user dll's ...
Registered in 0.000864 seconds.
Begin MonoManager ReloadAssembly
Native extension for WindowsStandalone target not found
Refreshing native plugins compatible for Editor in 0.32 ms, found 1 plugins.
Preloading 0 native plugins for Editor in 0.00 ms.
Invoked RoslynAnalysisRunner static constructor.
RoslynAnalysisRunner will not be running.
RoslynAnalysisRunner has terminated.
Mono: successfully reloaded assembly
- Completed reload, in  0.789 seconds
Platform modules already initialized, skipping
Refreshing native plugins compatible for Editor in 0.38 ms, found 1 plugins.
Preloading 0 native plugins for Editor in 0.00 ms.
Unloading 1809 Unused Serialized files (Serialized files now loaded: 0)
System memory in use before: 91.4 MB.
System memory in use after: 90.8 MB.

Unloading 25 unused Assets to reduce memory usage. Loaded Objects now: 2404.
Total: 2.347900 ms (FindLiveObjects: 0.208000 ms CreateObjectMapping: 0.079600 ms MarkObjects: 1.662400 ms  DeleteObjects: 0.396600 ms)

========================================================================
Received Prepare
Registering precompiled user dll's ...
Registered in 0.000772 seconds.
Begin MonoManager ReloadAssembly
Native extension for WindowsStandalone target not found
Refreshing native plugins compatible for Editor in 0.32 ms, found 1 plugins.
Preloading 0 native plugins for Editor in 0.00 ms.
Invoked RoslynAnalysisRunner static constructor.
RoslynAnalysisRunner will not be running.
RoslynAnalysisRunner has terminated.
Mono: successfully reloaded assembly
- Completed reload, in  0.827 seconds
Platform modules already initialized, skipping
Refreshing native plugins compatible for Editor in 0.38 ms, found 1 plugins.
Preloading 0 native plugins for Editor in 0.00 ms.
Unloading 1809 Unused Serialized files (Serialized files now loaded: 0)
System memory in use before: 91.5 MB.
System memory in use after: 90.9 MB.

Unloading 25 unused Assets to reduce memory usage. Loaded Objects now: 2407.
Total: 2.703100 ms (FindLiveObjects: 0.208600 ms CreateObjectMapping: 0.082100 ms MarkObjects: 1.923800 ms  DeleteObjects: 0.487300 ms)

========================================================================
Received Prepare
Registering precompiled user dll's ...
Registered in 0.000793 seconds.
Begin MonoManager ReloadAssembly
Native extension for WindowsStandalone target not found
Refreshing native plugins compatible for Editor in 0.35 ms, found 1 plugins.
Preloading 0 native plugins for Editor in 0.00 ms.
Invoked RoslynAnalysisRunner static constructor.
RoslynAnalysisRunner will not be running.
RoslynAnalysisRunner has terminated.
Mono: successfully reloaded assembly
- Completed reload, in  0.929 seconds
Platform modules already initialized, skipping
Refreshing native plugins compatible for Editor in 0.39 ms, found 1 plugins.
Preloading 0 native plugins for Editor in 0.00 ms.
Unloading 1809 Unused Serialized files (Serialized files now loaded: 0)
System memory in use before: 91.6 MB.
System memory in use after: 91.0 MB.

Unloading 25 unused Assets to reduce memory usage. Loaded Objects now: 2410.
Total: 2.264200 ms (FindLiveObjects: 0.221300 ms CreateObjectMapping: 0.083100 ms MarkObjects: 1.574500 ms  DeleteObjects: 0.384200 ms)

========================================================================
Received Prepare
Registering precompiled user dll's ...
Registered in 0.000827 seconds.
Begin MonoManager ReloadAssembly
Native extension for WindowsStandalone target not found
Refreshing native plugins compatible for Editor in 0.46 ms, found 1 plugins.
Preloading 0 native plugins for Editor in 0.00 ms.
Invoked RoslynAnalysisRunner static constructor.
RoslynAnalysisRunner will not be running.
RoslynAnalysisRunner has terminated.
Mono: successfully reloaded assembly
- Completed reload, in  0.879 seconds
Platform modules already initialized, skipping
Refreshing native plugins compatible for Editor in 0.35 ms, found 1 plugins.
Preloading 0 native plugins for Editor in 0.00 ms.
Unloading 1809 Unused Serialized files (Serialized files now loaded: 0)
System memory in use before: 91.7 MB.
System memory in use after: 91.1 MB.

Unloading 25 unused Assets to reduce memory usage. Loaded Objects now: 2413.
Total: 2.113400 ms (FindLiveObjects: 0.182600 ms CreateObjectMapping: 0.066700 ms MarkObjects: 1.476300 ms  DeleteObjects: 0.387000 ms)

========================================================================
Received Prepare
Registering precompiled user dll's ...
Registered in 0.000842 seconds.
Begin MonoManager ReloadAssembly
Native extension for WindowsStandalone target not found
Refreshing native plugins compatible for Editor in 0.32 ms, found 1 plugins.
Preloading 0 native plugins for Editor in 0.00 ms.
Invoked RoslynAnalysisRunner static constructor.
RoslynAnalysisRunner will not be running.
RoslynAnalysisRunner has terminated.
Mono: successfully reloaded assembly
- Completed reload, in  0.827 seconds
Platform modules already initialized, skipping
Refreshing native plugins compatible for Editor in 0.37 ms, found 1 plugins.
Preloading 0 native plugins for Editor in 0.00 ms.
Unloading 1809 Unused Serialized files (Serialized files now loaded: 0)
System memory in use before: 91.7 MB.
System memory in use after: 91.1 MB.

Unloading 25 unused Assets to reduce memory usage. Loaded Objects now: 2416.
Total: 2.679400 ms (FindLiveObjects: 0.214900 ms CreateObjectMapping: 0.066200 ms MarkObjects: 1.832700 ms  DeleteObjects: 0.564700 ms)

========================================================================
Received Import Request.
  Time since last request: 1225.834556 seconds.
  path: Assets/Scenes/Level_01.unity
  artifactKey: Guid(2cda990e2423bbf4892e6590ba056729) Importer(815301076,1909f56bfc062723c751e8b465ee728b)
Start importing Assets/Scenes/Level_01.unity using Guid(2cda990e2423bbf4892e6590ba056729) Importer(815301076,1909f56bfc062723c751e8b465ee728b)  -> (artifact id: 'c53054be87c24359dd5f581cf5cf024f') in 0.019802 seconds
  Import took 0.023720 seconds .

========================================================================
Received Import Request.
  Time since last request: 65.770342 seconds.
  path: Assets/Scenes/Level_02.unity
  artifactKey: Guid(ea9a0511446714548adef138136406fd) Importer(815301076,1909f56bfc062723c751e8b465ee728b)
Start importing Assets/Scenes/Level_02.unity using Guid(ea9a0511446714548adef138136406fd) Importer(815301076,1909f56bfc062723c751e8b465ee728b)  -> (artifact id: '0fdf06d4dc2df37c11f8c252523a5403') in 0.008100 seconds
  Import took 0.011018 seconds .

========================================================================
Received Import Request.
  Time since last request: 0.000481 seconds.
  path: Assets/Scenes/Level_02.unity
  artifactKey: Guid(ea9a0511446714548adef138136406fd) Importer(815301076,1909f56bfc062723c751e8b465ee728b)
Start importing Assets/Scenes/Level_02.unity using Guid(ea9a0511446714548adef138136406fd) Importer(815301076,1909f56bfc062723c751e8b465ee728b)  -> (artifact id: '0fdf06d4dc2df37c11f8c252523a5403') in 0.003703 seconds
  Import took 0.007121 seconds .

========================================================================
Received Import Request.
  Time since last request: 20.032466 seconds.
  path: Assets/Sprites/level2.png
  artifactKey: Guid(b66c645327d5dbf40a5becd572f1ef58) Importer(815301076,1909f56bfc062723c751e8b465ee728b)
Start importing Assets/Sprites/level2.png using Guid(b66c645327d5dbf40a5becd572f1ef58) Importer(815301076,1909f56bfc062723c751e8b465ee728b)  -> (artifact id: '37d85e34bb2c71cda8a41c6afb47e184') in 0.073229 seconds
  Import took 0.076549 seconds .

========================================================================
Received Prepare
Registering precompiled user dll's ...
Registered in 0.001053 seconds.
Begin MonoManager ReloadAssembly
Native extension for WindowsStandalone target not found
Refreshing native plugins compatible for Editor in 0.37 ms, found 1 plugins.
Preloading 0 native plugins for Editor in 0.00 ms.
Invoked RoslynAnalysisRunner static constructor.
RoslynAnalysisRunner will not be running.
RoslynAnalysisRunner has terminated.
Mono: successfully reloaded assembly
- Completed reload, in  0.867 seconds
Platform modules already initialized, skipping
Refreshing native plugins compatible for Editor in 0.35 ms, found 1 plugins.
Preloading 0 native plugins for Editor in 0.00 ms.
Unloading 1809 Unused Serialized files (Serialized files now loaded: 0)
System memory in use before: 90.8 MB.
System memory in use after: 90.3 MB.

Unloading 25 unused Assets to reduce memory usage. Loaded Objects now: 2422.
Total: 2.876200 ms (FindLiveObjects: 0.334600 ms CreateObjectMapping: 0.098900 ms MarkObjects: 2.031900 ms  DeleteObjects: 0.409100 ms)

========================================================================
Received Import Request.
  Time since last request: 614.883322 seconds.
  path: Assets/Sprites/pallenEdit-1.png.png
  artifactKey: Guid(5389d448923e8eb4ab8b27ed731257b2) Importer(815301076,1909f56bfc062723c751e8b465ee728b)
Start importing Assets/Sprites/pallenEdit-1.png.png using Guid(5389d448923e8eb4ab8b27ed731257b2) Importer(815301076,1909f56bfc062723c751e8b465ee728b)  -> (artifact id: '1a68c53832a4b32376fc44105f17692e') in 0.081254 seconds
  Import took 0.084682 seconds .

========================================================================
Received Import Request.
  Time since last request: 69.997117 seconds.
  path: Assets/Sprites/pallenEdit-1.png (1).png
  artifactKey: Guid(1506c60e2a8625840bdcd4769ebf802e) Importer(815301076,1909f56bfc062723c751e8b465ee728b)
Start importing Assets/Sprites/pallenEdit-1.png (1).png using Guid(1506c60e2a8625840bdcd4769ebf802e) Importer(815301076,1909f56bfc062723c751e8b465ee728b)  -> (artifact id: '119a56699cbecb17be3ff52bf62cec2d') in 0.021626 seconds
  Import took 0.025186 seconds .

========================================================================
Received Import Request.
  Time since last request: 638.562180 seconds.
  path: Assets/Sprites/water-1.png.png
  artifactKey: Guid(69e2d4c891c79a6479afb3a15967c089) Importer(815301076,1909f56bfc062723c751e8b465ee728b)
Start importing Assets/Sprites/water-1.png.png using Guid(69e2d4c891c79a6479afb3a15967c089) Importer(815301076,1909f56bfc062723c751e8b465ee728b)  -> (artifact id: '6aad8a0cfd80a87606137eff6b70aa23') in 0.036463 seconds
  Import took 0.040443 seconds .

========================================================================
Received Import Request.
  Time since last request: 12.343042 seconds.
  path: Assets/Prefab/Water.prefab
  artifactKey: Guid(e3cd74487f0c8034aa79e9ad6c00dc09) Importer(815301076,1909f56bfc062723c751e8b465ee728b)
Start importing Assets/Prefab/Water.prefab using Guid(e3cd74487f0c8034aa79e9ad6c00dc09) Importer(815301076,1909f56bfc062723c751e8b465ee728b)  -> (artifact id: '30fcbf928cbc23ebf30513d6612631ab') in 0.041770 seconds
  Import took 0.045165 seconds .

========================================================================
Received Import Request.
  Time since last request: 396.870600 seconds.
  path: Assets/Sprites/VB-Longneck-1.png.png
  artifactKey: Guid(502749dc3f513bf449e4a2206d40fc4a) Importer(815301076,1909f56bfc062723c751e8b465ee728b)
Start importing Assets/Sprites/VB-Longneck-1.png.png using Guid(502749dc3f513bf449e4a2206d40fc4a) Importer(815301076,1909f56bfc062723c751e8b465ee728b)  -> (artifact id: '32def04302d5f394eff68ebee553dea0') in 0.046230 seconds
  Import took 0.051126 seconds .

========================================================================
Received Import Request.
  Time since last request: 7.562017 seconds.
  path: Assets/Prefab/Blocks.prefab
  artifactKey: Guid(c7f4d686e16707d4c8f71cd0329258be) Importer(815301076,1909f56bfc062723c751e8b465ee728b)
Start importing Assets/Prefab/Blocks.prefab using Guid(c7f4d686e16707d4c8f71cd0329258be) Importer(815301076,1909f56bfc062723c751e8b465ee728b)  -> (artifact id: '8fb1b7854bd025e8569a36813a02243e') in 0.029073 seconds
  Import took 0.032725 seconds .

========================================================================
Received Prepare
Registering precompiled user dll's ...
Registered in 0.000841 seconds.
Begin MonoManager ReloadAssembly
Native extension for WindowsStandalone target not found
Refreshing native plugins compatible for Editor in 0.32 ms, found 1 plugins.
Preloading 0 native plugins for Editor in 0.00 ms.
Invoked RoslynAnalysisRunner static constructor.
RoslynAnalysisRunner will not be running.
RoslynAnalysisRunner has terminated.
Mono: successfully reloaded assembly
- Completed reload, in  0.830 seconds
Platform modules already initialized, skipping
Refreshing native plugins compatible for Editor in 0.43 ms, found 1 plugins.
Preloading 0 native plugins for Editor in 0.00 ms.
Unloading 1809 Unused Serialized files (Serialized files now loaded: 0)
System memory in use before: 91.0 MB.
System memory in use after: 90.4 MB.

Unloading 25 unused Assets to reduce memory usage. Loaded Objects now: 2430.
Total: 2.220000 ms (FindLiveObjects: 0.186500 ms CreateObjectMapping: 0.066600 ms MarkObjects: 1.604000 ms  DeleteObjects: 0.362100 ms)

========================================================================
Received Import Request.
  Time since last request: 80.137795 seconds.
  path: Assets/Sprites/bakground 1.png
  artifactKey: Guid(1b90d773e83cde2489e83aeaadbef947) Importer(815301076,1909f56bfc062723c751e8b465ee728b)
Start importing Assets/Sprites/bakground 1.png using Guid(1b90d773e83cde2489e83aeaadbef947) Importer(815301076,1909f56bfc062723c751e8b465ee728b)  -> (artifact id: '7f310030d4cb46e4543456d3b783bd66') in 0.063844 seconds
  Import took 0.067402 seconds .

AssetImportWorkerClient::OnTransportError - code=2 error=End of file
